빌드 시작: 2016-02-24 오후 7:44:49
     1>2 노드의 "C:\Users\Administrator\Documents\Projects\ClientMain\ClientMain.vcxproj" 프로젝트(Build 대상)입니다.
     1>ClCompile:
         C:\Program Files (x86)\Microsoft Visual Studio 12.0\VC\bin\CL.exe /c /ZI /nologo /W3 /WX- /Od /Oy- /D WIN32 /D _WINDOWS /D _DEBUG /D _MBCS /D _AFXDLL /Gm /EHsc /RTC1 /MDd /GS /fp:precise /Zc:wchar_t /Zc:forScope /Yc"stdafx.h" /Fp"Debug\ClientMain.pch" /Fo"Debug\\" /Fd"Debug\vc120.pdb" /Gd /TP /analyze- /errorReport:prompt stdafx.cpp
         stdafx.cpp
     1>c:\program files (x86)\microsoft visual studio 12.0\vc\atlmfc\include\afx.h(38): warning C4996: 'MBCS_Support_Deprecated_In_MFC': MBCS support in MFC is deprecated and may be removed in a future version of MFC.
                 c:\program files (x86)\microsoft visual studio 12.0\vc\atlmfc\include\afx.h(33) : 'MBCS_Support_Deprecated_In_MFC' 선언을 참조하십시오.
         C:\Program Files (x86)\Microsoft Visual Studio 12.0\VC\bin\CL.exe /c /ZI /nologo /W3 /WX- /Od /Oy- /D WIN32 /D _WINDOWS /D _DEBUG /D _MBCS /D _AFXDLL /Gm /EHsc /RTC1 /MDd /GS /fp:precise /Zc:wchar_t /Zc:forScope /Yu"stdafx.h" /Fp"Debug\ClientMain.pch" /Fo"Debug\\" /Fd"Debug\vc120.pdb" /Gd /TP /analyze- /errorReport:prompt ClientMain.cpp ClientMainDlg.cpp IOCP.cpp
         IOCP.cpp
     1>c:\users\administrator\documents\projects\clientmain\iocp.cpp(196): warning C4101: '_data' :참조되지 않은 지역 변수입니다.
     1>c:\users\administrator\documents\projects\clientmain\iocp.cpp(193): warning C4101: 'fileName' :참조되지 않은 지역 변수입니다.
     1>c:\users\administrator\documents\projects\clientmain\iocp.cpp(388): warning C4101: 'a' :참조되지 않은 지역 변수입니다.
         ClientMainDlg.cpp
         ClientMain.cpp
         코드를 생성하고 있습니다...
       ResourceCompile:
         C:\Program Files (x86)\Windows Kits\8.1\bin\x86\rc.exe /D _DEBUG /D _AFXDLL /l"0x0412" /IDebug\ /nologo /fo"Debug\ClientMain.res" ClientMain.rc 
       Link:
         C:\Program Files (x86)\Microsoft Visual Studio 12.0\VC\bin\link.exe /ERRORREPORT:PROMPT /OUT:"C:\Users\Administrator\Documents\Projects\ClientMain\\..\ClientMain.exe" /INCREMENTAL /NOLOGO C:\OpenCV2.1\lib\cv210.lib C:\OpenCV2.1\lib\cvaux210.lib C:\OpenCV2.1\lib\cxcore210.lib C:\OpenCV2.1\lib\highgui210.lib /MANIFEST /MANIFESTUAC:"level='asInvoker' uiAccess='false'" /manifest:embed /manifestinput:"C:\Program Files (x86)\Microsoft Visual Studio 12.0\VC\Include\Manifest\dpiaware.manifest" /DEBUG /PDB:"C:\Users\Administrator\Documents\Projects\ClientMain\\..\ClientMain.pdb" /SUBSYSTEM:WINDOWS /TLBID:1 /DYNAMICBASE /NXCOMPAT /IMPLIB:"C:\Users\Administrator\Documents\Projects\ClientMain\\..\ClientMain.lib" /MACHINE:X86 Debug\ClientMain.res
         Debug\ClientMain.obj
         Debug\ClientMainDlg.obj
         Debug\IOCP.obj
         Debug\stdafx.obj
         ClientMain.vcxproj -> C:\Users\Administrator\Documents\Projects\ClientMain\\..\ClientMain.exe
     1>"C:\Users\Administrator\Documents\Projects\ClientMain\ClientMain.vcxproj" 프로젝트를 빌드했습니다(Build 대상).

빌드했습니다.

경과 시간: 00:00:09.71
