c:\users\administrator\documents\projects\slaveserver\debug\slaveserver.pch
c:\users\administrator\documents\projects\slaveserver\debug\vc120.pdb
c:\users\administrator\documents\projects\slaveserver\debug\vc120.idb
c:\users\administrator\documents\projects\slaveserver\debug\stdafx.obj
c:\users\administrator\documents\projects\slaveserver\debug\cpuusage.obj
c:\users\administrator\documents\projects\slaveserver\debug\main.obj
c:\users\administrator\documents\projects\slaveserver\debug\network.obj
c:\users\administrator\documents\projects\slaveserver\debug\facerecognition.obj
c:\users\administrator\documents\projects\slaveserver.ilk
c:\users\administrator\documents\projects\slaveserver.exe
c:\users\administrator\documents\projects\slaveserver.pdb
c:\users\administrator\documents\projects\slaveserver\\..\slaveserver.pdb
c:\users\administrator\documents\projects\slaveserver\\..\slaveserver.exe
c:\users\administrator\documents\projects\slaveserver\\..\slaveserver.ilk
c:\users\administrator\documents\projects\slaveserver\debug\slaveserver.tlog\cl.command.1.tlog
c:\users\administrator\documents\projects\slaveserver\debug\slaveserver.tlog\cl.read.1.tlog
c:\users\administrator\documents\projects\slaveserver\debug\slaveserver.tlog\cl.write.1.tlog
c:\users\administrator\documents\projects\slaveserver\debug\slaveserver.tlog\link.command.1.tlog
c:\users\administrator\documents\projects\slaveserver\debug\slaveserver.tlog\link.read.1.tlog
c:\users\administrator\documents\projects\slaveserver\debug\slaveserver.tlog\link.write.1.tlog
