c:\users\administrator\documents\projects\masterserver\debug\masterserver.pch
c:\users\administrator\documents\projects\masterserver\debug\vc120.pdb
c:\users\administrator\documents\projects\masterserver\debug\vc120.idb
c:\users\administrator\documents\projects\masterserver\debug\stdafx.obj
c:\users\administrator\documents\projects\masterserver\debug\masterserver.obj
c:\users\administrator\documents\projects\masterserver\debug\iocp.obj
c:\users\administrator\documents\projects\masterserver\debug\masterserverdlg.obj
c:\users\administrator\documents\projects\masterserver\debug\masterserver.res
c:\users\administrator\documents\projects\masterserver\\..\masterserver.pdb
c:\users\administrator\documents\projects\masterserver\debug\masterserver.tlog\cl.command.1.tlog
c:\users\administrator\documents\projects\masterserver\debug\masterserver.tlog\cl.read.1.tlog
c:\users\administrator\documents\projects\masterserver\debug\masterserver.tlog\cl.write.1.tlog
c:\users\administrator\documents\projects\masterserver\debug\masterserver.tlog\link-cvtres.read.1.tlog
c:\users\administrator\documents\projects\masterserver\debug\masterserver.tlog\link-cvtres.write.1.tlog
c:\users\administrator\documents\projects\masterserver\debug\masterserver.tlog\link-mt.read.1.tlog
c:\users\administrator\documents\projects\masterserver\debug\masterserver.tlog\link-mt.write.1.tlog
c:\users\administrator\documents\projects\masterserver\debug\masterserver.tlog\link-rc.read.1.tlog
c:\users\administrator\documents\projects\masterserver\debug\masterserver.tlog\link-rc.write.1.tlog
c:\users\administrator\documents\projects\masterserver\debug\masterserver.tlog\link.8352-cvtres.read.1.tlog
c:\users\administrator\documents\projects\masterserver\debug\masterserver.tlog\link.8352-cvtres.write.1.tlog
c:\users\administrator\documents\projects\masterserver\debug\masterserver.tlog\link.8352-mt.read.1.tlog
c:\users\administrator\documents\projects\masterserver\debug\masterserver.tlog\link.8352-mt.write.1.tlog
c:\users\administrator\documents\projects\masterserver\debug\masterserver.tlog\link.8352-rc.read.1.tlog
c:\users\administrator\documents\projects\masterserver\debug\masterserver.tlog\link.8352-rc.write.1.tlog
c:\users\administrator\documents\projects\masterserver\debug\masterserver.tlog\link.8352.read.1.tlog
c:\users\administrator\documents\projects\masterserver\debug\masterserver.tlog\link.8352.write.1.tlog
c:\users\administrator\documents\projects\masterserver\debug\masterserver.tlog\link.command.1.tlog
c:\users\administrator\documents\projects\masterserver\debug\masterserver.tlog\link.read.1.tlog
c:\users\administrator\documents\projects\masterserver\debug\masterserver.tlog\link.write.1.tlog
c:\users\administrator\documents\projects\masterserver\debug\masterserver.tlog\rc.command.1.tlog
c:\users\administrator\documents\projects\masterserver\debug\masterserver.tlog\rc.read.1.tlog
c:\users\administrator\documents\projects\masterserver\debug\masterserver.tlog\rc.write.1.tlog
